<?xml version="1.0" encoding="UTF-8"?>
<!-- Generated by org.testng.reporters.JUnitReportReporter -->
<testsuite hostname="DESKTOP-2GAMNNE" failures="0" tests="2" name="Testng.SupportingMethodeExample" time="0.010" errors="0" timestamp="2022-09-08T09:45:27 IST" skipped="0">
  <testcase classname="Testng.SupportingMethodeExample" name="deleteUser" time="0.007"/>
  <system-out>
    <![CDATA[delete User]]>
  </system-out>
  <testcase classname="Testng.SupportingMethodeExample" name="updateTest" time="0.003"/>
  <system-out>
    <![CDATA[update Test]]>
  </system-out>
</testsuite> <!-- Testng.SupportingMethodeExample -->
