<?xml version="1.0" encoding="UTF-8"?>
<!-- Generated by org.testng.reporters.JUnitReportReporter -->
<testsuite hostname="DESKTOP-2GAMNNE" failures="0" tests="6" name="Testng.InvoctionCount" time="0.273" errors="0" timestamp="2022-09-07T10:44:08 IST" skipped="0">
  <testcase classname="Testng.InvoctionCount" name="f1" time="0.069"/>
  <system-out>
    <![CDATA[delete user]]>
  </system-out>
  <testcase classname="Testng.InvoctionCount" name="f1" time="0.127"/>
  <system-out>
    <![CDATA[delete user]]>
  </system-out>
  <testcase classname="Testng.InvoctionCount" name="f" time="0.026"/>
  <system-out>
    <![CDATA[login user]]>
  </system-out>
  <testcase classname="Testng.InvoctionCount" name="f" time="0.023"/>
  <system-out>
    <![CDATA[login user]]>
  </system-out>
  <testcase classname="Testng.InvoctionCount" name="f" time="0.016"/>
  <system-out>
    <![CDATA[login user]]>
  </system-out>
  <testcase classname="Testng.InvoctionCount" name="f" time="0.012"/>
  <system-out>
    <![CDATA[login user]]>
  </system-out>
</testsuite> <!-- Testng.InvoctionCount -->
