<?xml version="1.0" encoding="UTF-8"?>
<!-- Generated by org.testng.reporters.JUnitReportReporter -->
<testsuite hostname="DESKTOP-2GAMNNE" failures="0" tests="3" name="Testng.GroupTest" time="0.034" errors="0" timestamp="2022-09-08T10:58:44 IST" skipped="0">
  <testcase classname="Testng.GroupTest" name="userRegister" time="0.004"/>
  <system-out>
    <![CDATA[user register]]>
  </system-out>
  <testcase classname="Testng.GroupTest" name="userUpdate" time="0.007"/>
  <system-out>
    <![CDATA[user update]]>
  </system-out>
  <testcase classname="Testng.GroupTest" name="userDelete" time="0.023"/>
  <system-out>
    <![CDATA[user delete]]>
  </system-out>
</testsuite> <!-- Testng.GroupTest -->
