<?xml version="1.0" encoding="UTF-8"?>
<!-- Generated by org.testng.reporters.JUnitReportReporter -->
<testsuite hostname="DESKTOP-2GAMNNE" failures="0" tests="1" name="Testng.AlwaysRun" time="0.015" errors="0" timestamp="2022-09-08T12:11:36 IST" skipped="0">
  <testcase classname="Testng.AlwaysRun" name="updateUser" time="0.015"/>
  <system-out>
    <![CDATA[update user]]>
  </system-out>
</testsuite> <!-- Testng.AlwaysRun -->
