<?xml version="1.0" encoding="UTF-8"?>
<!-- Generated by org.testng.reporters.JUnitReportReporter -->
<testsuite hostname="DESKTOP-2GAMNNE" failures="0" tests="1" name="Testng.NewTest" time="0.185" errors="0" timestamp="2022-09-07T09:53:45 IST" skipped="0">
  <testcase classname="Testng.NewTest" name="f" time="0.185"/>
  <system-out>
    <![CDATA[hello
hello]]>
  </system-out>
</testsuite> <!-- Testng.NewTest -->
