<?xml version="1.0" encoding="UTF-8"?>
<!-- Generated by org.testng.reporters.JUnitReportReporter -->
<testsuite hostname="DESKTOP-2GAMNNE" failures="0" tests="3" name="Testng.DataProviderTestNg" time="0.066" errors="0" timestamp="2022-09-07T10:58:54 IST" skipped="0">
  <testcase classname="Testng.DataProviderTestNg" name="registerUser" time="0.007"/>
  <system-out>
    <![CDATA[dhaneshregisterUser]]>
  </system-out>
  <testcase classname="Testng.DataProviderTestNg" name="registerUser" time="0.012"/>
  <system-out>
    <![CDATA[surajregisterUser]]>
  </system-out>
  <testcase classname="Testng.DataProviderTestNg" name="registerUser" time="0.047"/>
  <system-out>
    <![CDATA[vijayregisterUser]]>
  </system-out>
</testsuite> <!-- Testng.DataProviderTestNg -->
