<?xml version="1.0" encoding="UTF-8"?>
<!-- Generated by org.testng.reporters.JUnitReportReporter -->
<testsuite hostname="DESKTOP-2GAMNNE" failures="0" tests="4" name="Testng.NewTest1" time="0.219" errors="0" timestamp="2022-09-07T10:32:07 IST" skipped="0">
  <testcase classname="Testng.NewTest1" name="f0" time="0.049"/>
  <system-out>
    <![CDATA[default priority
=================]]>
  </system-out>
  <testcase classname="Testng.NewTest1" name="registerUser" time="0.033"/>
  <system-out>
    <![CDATA[registerUser]]>
  </system-out>
  <testcase classname="Testng.NewTest1" name="deleteUser" time="0.025"/>
  <system-out>
    <![CDATA[deleteUser]]>
  </system-out>
  <testcase classname="Testng.NewTest1" name="UpdateUser" time="0.112"/>
  <system-out>
    <![CDATA[UpdateUser]]>
  </system-out>
</testsuite> <!-- Testng.NewTest1 -->
