<?xml version="1.0" encoding="UTF-8"?>
<!-- Generated by org.testng.reporters.JUnitReportReporter -->
<testsuite hostname="DESKTOP-2GAMNNE" failures="0" tests="10" name="Testng.DataProviderObject" time="0.232" errors="0" timestamp="2022-09-07T11:01:43 IST" skipped="0">
  <testcase classname="Testng.DataProviderObject" name="registerUser" time="0.019"/>
  <system-out>
    <![CDATA[3registerUser]]>
  </system-out>
  <testcase classname="Testng.DataProviderObject" name="registerUser" time="0.013"/>
  <system-out>
    <![CDATA[2registerUser]]>
  </system-out>
  <testcase classname="Testng.DataProviderObject" name="registerUser" time="0.095"/>
  <system-out>
    <![CDATA[1registerUser]]>
  </system-out>
  <testcase classname="Testng.DataProviderObject" name="registerUser" time="0.022"/>
  <system-out>
    <![CDATA[helloregisterUser]]>
  </system-out>
  <testcase classname="Testng.DataProviderObject" name="registerUser" time="0.010"/>
  <system-out>
    <![CDATA[bregisterUser]]>
  </system-out>
  <testcase classname="Testng.DataProviderObject" name="registerUser" time="0.009"/>
  <system-out>
    <![CDATA[aregisterUser]]>
  </system-out>
  <testcase classname="Testng.DataProviderObject" name="registerUser" time="0.015"/>
  <system-out>
    <![CDATA[cregisterUser]]>
  </system-out>
  <testcase classname="Testng.DataProviderObject" name="registerUser" time="0.020"/>
  <system-out>
    <![CDATA[trueregisterUser]]>
  </system-out>
  <testcase classname="Testng.DataProviderObject" name="registerUser" time="0.023"/>
  <system-out>
    <![CDATA[falseregisterUser]]>
  </system-out>
  <testcase classname="Testng.DataProviderObject" name="registerUser" time="0.006"/>
  <system-out>
    <![CDATA[hiiiregisterUser]]>
  </system-out>
</testsuite> <!-- Testng.DataProviderObject -->
