<?xml version="1.0" encoding="UTF-8"?>
<!-- Generated by org.testng.reporters.JUnitReportReporter -->
<testsuite hostname="DESKTOP-2GAMNNE" failures="0" tests="1" name="Testng.SupportingMethod" time="0.150" errors="0" timestamp="2022-09-07T11:53:43 IST" skipped="0">
  <testcase classname="Testng.SupportingMethod" name="f" time="0.150"/>
  <system-out/>
</testsuite> <!-- Testng.SupportingMethod -->
